cross attn
GM12878: AUPR=0.6663 AUC=0.6810 F1=0.6611 Recall=0.7351 Precision=0.6006 Threshold=0.0500 N=30400
NHEK: AUPR=0.6427 AUC=0.6458 F1=0.6298 Recall=0.6811 Precision=0.5857 Threshold=0.0500 N=30336
Stomach: AUPR=0.7114 AUC=0.7318 F1=0.6967 Recall=0.8167 Precision=0.6075 Threshold=0.0500 N=30336
HMEC: AUPR=0.6852 AUC=0.7091 F1=0.6834 Recall=0.7704 Precision=0.6140 Threshold=0.0500 N=30336
Ovary: AUPR=0.6711 AUC=0.6970 F1=0.6771 Recall=0.7708 Precision=0.6037 Threshold=0.0500 N=30336
Colon: AUPR=0.6980 AUC=0.7300 F1=0.6921 Recall=0.8080 Precision=0.6053 Threshold=0.0500 N=30336
IMR90: AUPR=0.6946 AUC=0.7064 F1=0.6743 Recall=0.7580 Precision=0.6072 Threshold=0.0500 N=30336
Pancreas: AUPR=0.7073 AUC=0.7287 F1=0.7066 Recall=0.8308 Precision=0.6147 Threshold=0.0500 N=30336

CBAT 修复记录点1
GM12878: AUPR=0.6481 AUC=0.6677 F1=0.6754 Recall=0.9107 Precision=0.5368 Threshold=0.0500 N=30400
NHEK: AUPR=0.6307 AUC=0.6471 F1=0.6619 Recall=0.8824 Precision=0.5295 Threshold=0.0500 N=30336
Stomach: AUPR=0.6772 AUC=0.7076 F1=0.6857 Recall=0.9521 Precision=0.5358 Threshold=0.0500 N=30336
HMEC: AUPR=0.6718 AUC=0.6956 F1=0.6788 Recall=0.9213 Precision=0.5374 Threshold=0.0500 N=30336
Ovary: AUPR=0.6382 AUC=0.6687 F1=0.6789 Recall=0.9400 Precision=0.5313 Threshold=0.0500 N=30336
Colon: AUPR=0.6703 AUC=0.7142 F1=0.6880 Recall=0.9594 Precision=0.5364 Threshold=0.0500 N=30336
IMR90: AUPR=0.6816 AUC=0.7006 F1=0.6790 Recall=0.9234 Precision=0.5369 Threshold=0.0500 N=30336
Pancreas: AUPR=0.6749 AUC=0.7059 F1=0.6890 Recall=0.9604 Precision=0.5372 Threshold=0.0500 N=30336


CBAT 修复记录点2
GM12878: AUPR=0.6602 AUC=0.6795 F1=0.6576 Recall=0.7158 Precision=0.6082 Threshold=0.0500 N=30400
NHEK: AUPR=0.6403 AUC=0.6497 F1=0.6219 Recall=0.6401 Precision=0.6048 Threshold=0.0500 N=30336
Stomach: AUPR=0.7076 AUC=0.7341 F1=0.7016 Recall=0.8150 Precision=0.6159 Threshold=0.0500 N=30336
HMEC: AUPR=0.6925 AUC=0.7174 F1=0.6873 Recall=0.7509 Precision=0.6336 Threshold=0.0500 N=30336
Ovary: AUPR=0.6671 AUC=0.6907 F1=0.6624 Recall=0.7235 Precision=0.6108 Threshold=0.0500 N=30336
Colon: AUPR=0.7007 AUC=0.7267 F1=0.7098 Recall=0.8203 Precision=0.6254 Threshold=0.0500 N=30336
IMR90: AUPR=0.7150 AUC=0.7198 F1=0.6841 Recall=0.7458 Precision=0.6319 Threshold=0.0500 N=30336
Pancreas: AUPR=0.7057 AUC=0.7288 F1=0.7032 Recall=0.8029 Precision=0.6255 Threshold=0.0500 N=30336