cross attn
GM12878: AUPR=0.6663 AUC=0.6810 F1=0.6611 Recall=0.7351 Precision=0.6006 Threshold=0.0500 N=30400
NHEK: AUPR=0.6427 AUC=0.6458 F1=0.6298 Recall=0.6811 Precision=0.5857 Threshold=0.0500 N=30336
Stomach: AUPR=0.7114 AUC=0.7318 F1=0.6967 Recall=0.8167 Precision=0.6075 Threshold=0.0500 N=30336
HMEC: AUPR=0.6852 AUC=0.7091 F1=0.6834 Recall=0.7704 Precision=0.6140 Threshold=0.0500 N=30336
Ovary: AUPR=0.6711 AUC=0.6970 F1=0.6771 Recall=0.7708 Precision=0.6037 Threshold=0.0500 N=30336
Colon: AUPR=0.6980 AUC=0.7300 F1=0.6921 Recall=0.8080 Precision=0.6053 Threshold=0.0500 N=30336
IMR90: AUPR=0.6946 AUC=0.7064 F1=0.6743 Recall=0.7580 Precision=0.6072 Threshold=0.0500 N=30336
Pancreas: AUPR=0.7073 AUC=0.7287 F1=0.7066 Recall=0.8308 Precision=0.6147 Threshold=0.0500 N=30336

CBAT 记录点1
GM12878: AUPR=0.6481 AUC=0.6677 F1=0.6754 Recall=0.9107 Precision=0.5368 Threshold=0.0500 N=30400
NHEK: AUPR=0.6307 AUC=0.6471 F1=0.6619 Recall=0.8824 Precision=0.5295 Threshold=0.0500 N=30336
Stomach: AUPR=0.6772 AUC=0.7076 F1=0.6857 Recall=0.9521 Precision=0.5358 Threshold=0.0500 N=30336
HMEC: AUPR=0.6718 AUC=0.6956 F1=0.6788 Recall=0.9213 Precision=0.5374 Threshold=0.0500 N=30336
Ovary: AUPR=0.6382 AUC=0.6687 F1=0.6789 Recall=0.9400 Precision=0.5313 Threshold=0.0500 N=30336
Colon: AUPR=0.6703 AUC=0.7142 F1=0.6880 Recall=0.9594 Precision=0.5364 Threshold=0.0500 N=30336
IMR90: AUPR=0.6816 AUC=0.7006 F1=0.6790 Recall=0.9234 Precision=0.5369 Threshold=0.0500 N=30336
Pancreas: AUPR=0.6749 AUC=0.7059 F1=0.6890 Recall=0.9604 Precision=0.5372 Threshold=0.0500 N=30336


CBAT 记录点2
GM12878: AUPR=0.6602 AUC=0.6795 F1=0.6576 Recall=0.7158 Precision=0.6082 Threshold=0.0500 N=30400
NHEK: AUPR=0.6403 AUC=0.6497 F1=0.6219 Recall=0.6401 Precision=0.6048 Threshold=0.0500 N=30336
Stomach: AUPR=0.7076 AUC=0.7341 F1=0.7016 Recall=0.8150 Precision=0.6159 Threshold=0.0500 N=30336
HMEC: AUPR=0.6925 AUC=0.7174 F1=0.6873 Recall=0.7509 Precision=0.6336 Threshold=0.0500 N=30336
Ovary: AUPR=0.6671 AUC=0.6907 F1=0.6624 Recall=0.7235 Precision=0.6108 Threshold=0.0500 N=30336
Colon: AUPR=0.7007 AUC=0.7267 F1=0.7098 Recall=0.8203 Precision=0.6254 Threshold=0.0500 N=30336
IMR90: AUPR=0.7150 AUC=0.7198 F1=0.6841 Recall=0.7458 Precision=0.6319 Threshold=0.0500 N=30336
Pancreas: AUPR=0.7057 AUC=0.7288 F1=0.7032 Recall=0.8029 Precision=0.6255 Threshold=0.0500 N=30336


CBAT 记录点3
GM12878: AUPR=0.6536 AUC=0.6507 F1=0.6358 Recall=0.6969 Precision=0.5845 Threshold=0.2500 N=30400
NHEK: AUPR=0.6318 AUC=0.6321 F1=0.6160 Recall=0.6525 Precision=0.5833 Threshold=0.2500 N=30336
Stomach: AUPR=0.6927 AUC=0.7075 F1=0.6750 Recall=0.7966 Precision=0.5855 Threshold=0.2500 N=30336
HMEC: AUPR=0.6840 AUC=0.6890 F1=0.6642 Recall=0.7423 Precision=0.6009 Threshold=0.2500 N=30336
Ovary: AUPR=0.6502 AUC=0.6595 F1=0.6405 Recall=0.7349 Precision=0.5675 Threshold=0.2500 N=30336
Colon: AUPR=0.6924 AUC=0.7118 F1=0.6901 Recall=0.8216 Precision=0.5949 Threshold=0.2500 N=30336
IMR90: AUPR=0.6940 AUC=0.6853 F1=0.6530 Recall=0.7395 Precision=0.5847 Threshold=0.2500 N=30336
Pancreas: AUPR=0.6866 AUC=0.6995 F1=0.6780 Recall=0.8043 Precision=0.5860 Threshold=0.2500 N=30336

CBAT 记录点4
GM12878: AUPR=0.6853 AUC=0.6872 F1=0.6775 Recall=0.8646 Precision=0.5569 Threshold=0.8789 N=30400
NHEK: AUPR=0.6586 AUC=0.6488 F1=0.6666 Recall=0.9995 Precision=0.5000 Threshold=0.5318 N=30336
Stomach: AUPR=0.7146 AUC=0.7300 F1=0.7073 Recall=0.8833 Precision=0.5897 Threshold=0.9116 N=30336
HMEC: AUPR=0.7184 AUC=0.7214 F1=0.6978 Recall=0.7735 Precision=0.6355 Threshold=0.9343 N=30336
Ovary: AUPR=0.6745 AUC=0.6993 F1=0.6903 Recall=0.8847 Precision=0.5659 Threshold=0.8865 N=30336
Colon: AUPR=0.7225 AUC=0.7378 F1=0.7050 Recall=0.8453 Precision=0.6046 Threshold=0.9287 N=30336
IMR90: AUPR=0.7168 AUC=0.7252 F1=0.6941 Recall=0.8177 Precision=0.6029 Threshold=0.9080 N=30336
Pancreas: AUPR=0.7208 AUC=0.7320 F1=0.7074 Recall=0.8586 Precision=0.6015 Threshold=0.9196 N=30336

CBAT 记录点5
GM12878: AUPR=0.6836 AUC=0.6882 F1=0.6730 Recall=0.9318 Precision=0.5267 Threshold=0.9500 N=30400
NHEK: AUPR=0.6671 AUC=0.6660 F1=0.6690 Recall=0.8943 Precision=0.5343 Threshold=0.9500 N=30336
Stomach: AUPR=0.7088 AUC=0.7272 F1=0.6807 Recall=0.9564 Precision=0.5283 Threshold=0.9500 N=30336
HMEC: AUPR=0.7179 AUC=0.7191 F1=0.6813 Recall=0.9251 Precision=0.5392 Threshold=0.9500 N=30336
Ovary: AUPR=0.6600 AUC=0.6811 F1=0.6777 Recall=0.9368 Precision=0.5309 Threshold=0.9500 N=30336
Colon: AUPR=0.7266 AUC=0.7400 F1=0.6868 Recall=0.9634 Precision=0.5336 Threshold=0.9500 N=30336
IMR90: AUPR=0.7189 AUC=0.7294 F1=0.6878 Recall=0.9378 Precision=0.5430 Threshold=0.9500 N=30336
Pancreas: AUPR=0.7055 AUC=0.7276 F1=0.6798 Recall=0.9539 Precision=0.5280 Threshold=0.9500 N=30336

CBAT 记录点6
GM12878: AUPR=0.6722 AUC=0.6781 F1=0.6723 Recall=0.8518 Precision=0.5553 Threshold=0.2600 N=30400
NHEK: AUPR=0.6630 AUC=0.6465 F1=0.6661 Recall=0.9978 Precision=0.5000 Threshold=0.0600 N=30336
Stomach: AUPR=0.7400 AUC=0.7423 F1=0.7080 Recall=0.8035 Precision=0.6328 Threshold=0.4500 N=30336
HMEC: AUPR=0.6997 AUC=0.6991 F1=0.6823 Recall=0.8929 Precision=0.5521 Threshold=0.2200 N=30336
Ovary: AUPR=0.6810 AUC=0.6943 F1=0.6838 Recall=0.9133 Precision=0.5465 Threshold=0.2200 N=30336
Colon: AUPR=0.7395 AUC=0.7367 F1=0.6981 Recall=0.8027 Precision=0.6177 Threshold=0.4200 N=30336
IMR90: AUPR=0.7078 AUC=0.7073 F1=0.6811 Recall=0.8112 Precision=0.5869 Threshold=0.3000 N=30336
Pancreas: AUPR=0.7214 AUC=0.7258 F1=0.6942 Recall=0.8148 Precision=0.6047 Threshold=0.3800 N=30336