cross attn (标准基线)
GM12878: AUPR=0.6663 AUC=0.6810 F1=0.6611 Recall=0.7351 Precision=0.6006 Threshold=0.0500 N=30400
NHEK: AUPR=0.6427 AUC=0.6458 F1=0.6298 Recall=0.6811 Precision=0.5857 Threshold=0.0500 N=30336
Stomach: AUPR=0.7114 AUC=0.7318 F1=0.6967 Recall=0.8167 Precision=0.6075 Threshold=0.0500 N=30336
HMEC: AUPR=0.6852 AUC=0.7091 F1=0.6834 Recall=0.7704 Precision=0.6140 Threshold=0.0500 N=30336
Ovary: AUPR=0.6711 AUC=0.6970 F1=0.6771 Recall=0.7708 Precision=0.6037 Threshold=0.0500 N=30336
Colon: AUPR=0.6980 AUC=0.7300 F1=0.6921 Recall=0.8080 Precision=0.6053 Threshold=0.0500 N=30336
IMR90: AUPR=0.6946 AUC=0.7064 F1=0.6743 Recall=0.7580 Precision=0.6072 Threshold=0.0500 N=30336
Pancreas: AUPR=0.7073 AUC=0.7287 F1=0.7066 Recall=0.8308 Precision=0.6147 Threshold=0.0500 N=30336

CBAT 记录点4 (环境解耦方法 | 第二基线)
GM12878: AUPR=0.6853 AUC=0.6872 F1=0.6775 Recall=0.8646 Precision=0.5569 Threshold=0.8789 N=30400
NHEK: AUPR=0.6586 AUC=0.6488 F1=0.6666 Recall=0.9995 Precision=0.5000 Threshold=0.5318 N=30336
Stomach: AUPR=0.7146 AUC=0.7300 F1=0.7073 Recall=0.8833 Precision=0.5897 Threshold=0.9116 N=30336
HMEC: AUPR=0.7184 AUC=0.7214 F1=0.6978 Recall=0.7735 Precision=0.6355 Threshold=0.9343 N=30336
Ovary: AUPR=0.6745 AUC=0.6993 F1=0.6903 Recall=0.8847 Precision=0.5659 Threshold=0.8865 N=30336
Colon: AUPR=0.7225 AUC=0.7378 F1=0.7050 Recall=0.8453 Precision=0.6046 Threshold=0.9287 N=30336
IMR90: AUPR=0.7168 AUC=0.7252 F1=0.6941 Recall=0.8177 Precision=0.6029 Threshold=0.9080 N=30336
Pancreas: AUPR=0.7208 AUC=0.7320 F1=0.7074 Recall=0.8586 Precision=0.6015 Threshold=0.9196 N=30336

CBAT 记录点8 (引入蒸馏学习 | 模式坍缩)
GM12878: AUPR=0.5346 AUC=0.5475 F1=0.6673 Recall=1.0000 Precision=0.5007 Threshold=0.0100 N=30400
NHEK: AUPR=0.5167 AUC=0.5300 F1=0.6670 Recall=1.0000 Precision=0.5003 Threshold=0.0100 N=30336
Stomach: AUPR=0.5118 AUC=0.5241 F1=0.6666 Recall=1.0000 Precision=0.4999 Threshold=0.0100 N=30336
HMEC: AUPR=0.5541 AUC=0.5708 F1=0.6649 Recall=1.0000 Precision=0.4981 Threshold=0.0100 N=30336
Ovary: AUPR=0.5293 AUC=0.5428 F1=0.6653 Recall=1.0000 Precision=0.4985 Threshold=0.0100 N=30336
Colon: AUPR=0.5187 AUC=0.5309 F1=0.6665 Recall=1.0000 Precision=0.4998 Threshold=0.0100 N=30336
IMR90: AUPR=0.5612 AUC=0.5844 F1=0.6618 Recall=1.0000 Precision=0.4945 Threshold=0.0100 N=30336
Pancreas: AUPR=0.5163 AUC=0.5292 F1=0.6673 Recall=1.0000 Precision=0.5007 Threshold=0.0100 N=30336